Oct 31, 2023 10:36:55 PM co.edu.uniquindio.agencia.model.AgenciaViajes <init>
INFO: Se crea una nueva instancia de la empresa
Oct 31, 2023 10:36:55 PM co.edu.uniquindio.agencia.model.AgenciaViajes <init>
WARNING: No se pudo cargar la lista de clientes leyendo un texto plano: src/main/resources/info/clientesData.txt (No such file or directory)
Oct 31, 2023 10:39:07 PM co.edu.uniquindio.agencia.model.AgenciaViajes <init>
INFO: Se crea una nueva instancia de la empresa
Oct 31, 2023 10:39:08 PM co.edu.uniquindio.agencia.model.AgenciaViajes <init>
WARNING: No se pudo cargar la lista de clientes leyendo un texto plano: src/main/resources/info/clientesData.txt (No such file or directory)
Oct 31, 2023 10:41:18 PM co.edu.uniquindio.agencia.model.AgenciaViajes <init>
INFO: Se crea una nueva instancia de la empresa
Oct 31, 2023 10:41:18 PM co.edu.uniquindio.agencia.model.AgenciaViajes <init>
WARNING: No se pudo cargar la lista de clientes leyendo un texto plano: src/main/resources/info/clientesData.txt (No such file or directory)
Oct 31, 2023 10:43:05 PM co.edu.uniquindio.agencia.model.AgenciaViajes <init>
INFO: Se crea una nueva instancia de la empresa
Oct 31, 2023 10:46:32 PM co.edu.uniquindio.agencia.model.AgenciaViajes <init>
INFO: Se crea una nueva instancia de la empresa
Oct 31, 2023 10:48:29 PM co.edu.uniquindio.agencia.model.AgenciaViajes <init>
INFO: Se crea una nueva instancia de la empresa
Oct 31, 2023 10:49:32 PM co.edu.uniquindio.agencia.model.AgenciaViajes <init>
INFO: Se crea una nueva instancia de la empresa
Oct 31, 2023 10:49:52 PM co.edu.uniquindio.agencia.model.AgenciaViajes <init>
INFO: Se crea una nueva instancia de la empresa
Oct 31, 2023 11:02:12 PM co.edu.uniquindio.agencia.model.AgenciaViajes <init>
INFO: Se crea una nueva instancia de la empresa
Oct 31, 2023 11:25:17 PM co.edu.uniquindio.agencia.model.AgenciaViajes <init>
INFO: Se crea una nueva instancia de la empresa
Oct 31, 2023 11:26:13 PM co.edu.uniquindio.agencia.model.AgenciaViajes <init>
INFO: Se crea una nueva instancia de la empresa
Oct 31, 2023 11:29:27 PM co.edu.uniquindio.agencia.model.AgenciaViajes <init>
INFO: Se crea una nueva instancia de la empresa
Oct 31, 2023 11:44:58 PM co.edu.uniquindio.agencia.model.AgenciaViajes <init>
INFO: Se crea una nueva instancia de la empresa
Oct 31, 2023 11:46:31 PM co.edu.uniquindio.agencia.model.AgenciaViajes <init>
INFO: Se crea una nueva instancia de la empresa
Oct 31, 2023 11:54:38 PM co.edu.uniquindio.agencia.model.AgenciaViajes <init>
INFO: Se crea una nueva instancia de la empresa
Nov 01, 2023 1:58:29 AM co.edu.uniquindio.agencia.model.AgenciaViajes <init>
INFO: Se crea una nueva instancia de la empresa
Nov 01, 2023 2:01:04 AM co.edu.uniquindio.agencia.model.AgenciaViajes <init>
INFO: Se crea una nueva instancia de la empresa
Nov 01, 2023 2:03:26 AM co.edu.uniquindio.agencia.model.AgenciaViajes <init>
INFO: Se crea una nueva instancia de la empresa
Nov 01, 2023 2:05:54 AM co.edu.uniquindio.agencia.model.AgenciaViajes <init>
INFO: Se crea una nueva instancia de la empresa
Nov 01, 2023 2:07:18 AM co.edu.uniquindio.agencia.model.AgenciaViajes <init>
INFO: Se crea una nueva instancia de la empresa
Nov 01, 2023 2:10:07 AM co.edu.uniquindio.agencia.model.AgenciaViajes <init>
INFO: Se crea una nueva instancia de la empresa
Nov 01, 2023 2:14:17 AM co.edu.uniquindio.agencia.model.AgenciaViajes <init>
INFO: Se crea una nueva instancia de la empresa
Nov 01, 2023 2:25:32 AM co.edu.uniquindio.agencia.model.AgenciaViajes <init>
INFO: Se crea una nueva instancia de la empresa
Nov 01, 2023 2:26:32 AM co.edu.uniquindio.agencia.model.AgenciaViajes <init>
INFO: Se crea una nueva instancia de la empresa
Nov 01, 2023 2:52:00 AM co.edu.uniquindio.agencia.model.AgenciaViajes <init>
INFO: Se crea una nueva instancia de la empresa
Nov 01, 2023 2:53:00 AM co.edu.uniquindio.agencia.model.AgenciaViajes <init>
INFO: Se crea una nueva instancia de la empresa
Nov 01, 2023 3:00:18 AM co.edu.uniquindio.agencia.model.AgenciaViajes <init>
INFO: Se crea una nueva instancia de la empresa
Nov 01, 2023 3:01:50 AM co.edu.uniquindio.agencia.model.AgenciaViajes <init>
INFO: Se crea una nueva instancia de la empresa
Nov 01, 2023 3:43:44 AM co.edu.uniquindio.agencia.model.AgenciaViajes <init>
INFO: Se crea una nueva instancia de la empresa
Nov 01, 2023 3:46:45 AM co.edu.uniquindio.agencia.model.AgenciaViajes <init>
INFO: Se crea una nueva instancia de la empresa
Nov 01, 2023 3:55:30 AM co.edu.uniquindio.agencia.model.AgenciaViajes <init>
INFO: Se crea una nueva instancia de la empresa
Nov 01, 2023 3:56:37 AM co.edu.uniquindio.agencia.model.AgenciaViajes <init>
INFO: Se crea una nueva instancia de la empresa
Nov 01, 2023 4:01:05 AM co.edu.uniquindio.agencia.model.AgenciaViajes <init>
INFO: Se crea una nueva instancia de la empresa
Nov 01, 2023 4:01:51 AM co.edu.uniquindio.agencia.model.AgenciaViajes <init>
INFO: Se crea una nueva instancia de la empresa
Nov 01, 2023 12:05:15 PM co.edu.uniquindio.agencia.model.AgenciaViajes <init>
INFO: Se crea una nueva instancia de la empresa
Nov 01, 2023 12:10:54 PM co.edu.uniquindio.agencia.model.AgenciaViajes <init>
INFO: Se crea una nueva instancia de la empresa
Nov 01, 2023 12:15:52 PM co.edu.uniquindio.agencia.model.AgenciaViajes <init>
INFO: Se crea una nueva instancia de la empresa
Nov 01, 2023 12:18:33 PM co.edu.uniquindio.agencia.model.AgenciaViajes <init>
INFO: Se crea una nueva instancia de la empresa
Nov 01, 2023 1:50:47 PM co.edu.uniquindio.agencia.model.AgenciaViajes <init>
INFO: Se crea una nueva instancia de la empresa
Nov 01, 2023 4:46:16 PM co.edu.uniquindio.agencia.model.AgenciaViajes <init>
INFO: Se crea una nueva instancia de la empresa
Nov 01, 2023 4:47:47 PM co.edu.uniquindio.agencia.model.AgenciaViajes <init>
INFO: Se crea una nueva instancia de la empresa
Nov 01, 2023 5:03:54 PM co.edu.uniquindio.agencia.model.AgenciaViajes <init>
INFO: Se crea una nueva instancia de la empresa
Nov 01, 2023 5:08:16 PM co.edu.uniquindio.agencia.model.AgenciaViajes <init>
INFO: Se crea una nueva instancia de la empresa
Nov 01, 2023 5:11:59 PM co.edu.uniquindio.agencia.model.AgenciaViajes <init>
INFO: Se crea una nueva instancia de la empresa
Nov 01, 2023 5:42:22 PM co.edu.uniquindio.agencia.model.AgenciaViajes <init>
INFO: Se crea una nueva instancia de la empresa
Nov 02, 2023 12:12:50 AM co.edu.uniquindio.agencia.model.AgenciaViajes <init>
INFO: Se crea una nueva instancia de la empresa
Nov 02, 2023 12:13:41 AM co.edu.uniquindio.agencia.model.AgenciaViajes <init>
INFO: Se crea una nueva instancia de la empresa
Nov 02, 2023 12:22:00 AM co.edu.uniquindio.agencia.model.AgenciaViajes <init>
INFO: Se crea una nueva instancia de la empresa
Nov 02, 2023 12:23:55 AM co.edu.uniquindio.agencia.model.AgenciaViajes <init>
INFO: Se crea una nueva instancia de la empresa
Nov 02, 2023 1:03:53 AM co.edu.uniquindio.agencia.model.AgenciaViajes <init>
INFO: Se crea una nueva instancia de la empresa
Nov 02, 2023 1:07:56 AM co.edu.uniquindio.agencia.model.AgenciaViajes <init>
INFO: Se crea una nueva instancia de la empresa
Nov 02, 2023 1:08:54 AM co.edu.uniquindio.agencia.model.AgenciaViajes <init>
INFO: Se crea una nueva instancia de la empresa
Nov 02, 2023 1:55:45 AM co.edu.uniquindio.agencia.model.AgenciaViajes <init>
INFO: Se crea una nueva instancia de la empresa
Nov 02, 2023 2:36:42 AM co.edu.uniquindio.agencia.model.AgenciaViajes <init>
INFO: Se crea una nueva instancia de la empresa
